<?xml version="1.0" encoding="UTF-8"?>
<!-- Generated by org.testng.reporters.JUnitReportReporter -->
<testsuite hostname="LAPTOP-OFUGT8EJ" failures="0" tests="1" name="DhanTest" time="12.249" errors="0" timestamp="2023-06-02T21:39:05 IST" skipped="0">
  <testcase classname="DhanTest" name="GoogleTst" time="12.249"/>
  <system-out/>
</testsuite> <!-- DhanTest -->
