<?xml version="1.0" encoding="UTF-8"?>
<!-- Generated by org.testng.reporters.JUnitReportReporter -->
<testsuite hostname="LAPTOP-OFUGT8EJ" failures="0" tests="4" name="Intro.day4" time="0.009" errors="0" timestamp="2023-05-28T14:06:04 IST" skipped="0">
  <testcase classname="Intro.day4" name="carloan" time="0.001"/>
  <system-out/>
  <testcase classname="Intro.day4" name="carloan" time="0.001"/>
  <system-out/>
  <testcase classname="Intro.day4" name="personalloan" time="0.002"/>
  <system-out/>
  <testcase classname="Intro.day4" name="carloan" time="0.005"/>
  <system-out/>
</testsuite> <!-- Intro.day4 -->
