<?xml version="1.0" encoding="UTF-8"?>
<!-- Generated by org.testng.reporters.JUnitReportReporter -->
<testsuite hostname="LAPTOP-OFUGT8EJ" failures="0" tests="3" name="Intro.day6" time="0.001" errors="0" timestamp="2023-05-23T20:08:56 IST" skipped="0">
  <testcase classname="Intro.day6" name="carloan" time="0.001"/>
  <system-out/>
  <testcase classname="Intro.day6" name="carloan" time="0.000"/>
  <system-out/>
  <testcase classname="Intro.day6" name="carloan" time="0.000"/>
  <system-out/>
</testsuite> <!-- Intro.day6 -->
