<?xml version="1.0" encoding="UTF-8"?>
<!-- Generated by org.testng.reporters.JUnitReportReporter -->
<testsuite hostname="LAPTOP-OFUGT8EJ" failures="0" tests="8" name="Intro.day4" time="0.010" errors="0" timestamp="2024-03-22T14:21:30 IST" skipped="0">
  <testcase classname="Intro.day4" name="carloan" time="0.000"/>
  <system-out/>
  <testcase classname="Intro.day4" name="carloan" time="0.000"/>
  <system-out/>
  <testcase classname="Intro.day4" name="carloan" time="0.001"/>
  <system-out/>
  <testcase classname="Intro.day4" name="personalloan" time="0.002"/>
  <system-out/>
  <testcase classname="Intro.day4" name="carloan" time="0.002"/>
  <system-out/>
  <testcase classname="Intro.day4" name="carloan" time="0.003"/>
  <system-out/>
  <testcase classname="Intro.day4" name="carloan" time="0.001"/>
  <system-out/>
  <testcase classname="Intro.day4" name="personalloan" time="0.001"/>
  <system-out/>
</testsuite> <!-- Intro.day4 -->
