<?xml version="1.0" encoding="UTF-8"?>
<!-- Generated by org.testng.reporters.JUnitReportReporter -->
<testsuite hostname="LAPTOP-OFUGT8EJ" failures="0" tests="5" name="Intro.day3" time="0.017" errors="0" timestamp="2024-03-22T14:21:30 IST" skipped="0">
  <testcase classname="Intro.day3" name="server" time="0.000"/>
  <system-out/>
  <testcase classname="Intro.day3" name="api" time="0.002"/>
  <system-out/>
  <testcase classname="Intro.day3" name="backend" time="0.001"/>
  <system-out/>
  <testcase classname="Intro.day3" name="web" time="0.014"/>
  <system-out/>
  <testcase classname="Intro.day3" name="mobile" time="0.000"/>
  <system-out/>
</testsuite> <!-- Intro.day3 -->
