<?xml version="1.0" encoding="UTF-8"?>
<!-- Generated by org.testng.reporters.JUnitReportReporter -->
<testsuite hostname="LAPTOP-OFUGT8EJ" failures="0" tests="1" name="Intro.day2" time="0.001" errors="0" timestamp="2024-03-22T14:20:39 IST" skipped="0">
  <testcase classname="Intro.day2" name="f1" time="0.001"/>
  <system-out/>
</testsuite> <!-- Intro.day2 -->
