<?xml version="1.0" encoding="UTF-8"?>
<!-- Generated by org.testng.reporters.JUnitReportReporter -->
<testsuite hostname="LAPTOP-OFUGT8EJ" failures="0" tests="6" name="Intro.day1" time="0.007" errors="0" timestamp="2023-05-23T20:19:26 IST" skipped="0">
  <testcase classname="Intro.day1" name="f2" time="0.000"/>
  <system-out/>
  <testcase classname="Intro.day1" name="f2" time="0.001"/>
  <system-out/>
  <testcase classname="Intro.day1" name="f1" time="0.004"/>
  <system-out/>
  <testcase classname="Intro.day1" name="f3" time="0.000"/>
  <system-out/>
  <testcase classname="Intro.day1" name="f1" time="0.001"/>
  <system-out/>
  <testcase classname="Intro.day1" name="f3" time="0.001"/>
  <system-out/>
</testsuite> <!-- Intro.day1 -->
