<?xml version="1.0" encoding="UTF-8"?>
<!-- Generated by org.testng.reporters.JUnitReportReporter -->
<testsuite hostname="LAPTOP-OFUGT8EJ" failures="0" tests="3" name="phaneeshkashyap.Tests.T001_E2E_e_Shopping_CreateOrder_And_Validate" time="40.921" errors="0" timestamp="2023-06-01T19:19:46 IST" skipped="0">
  <testcase classname="phaneeshkashyap.Tests.T001_E2E_e_Shopping_CreateOrder_And_Validate" name="createOrder" time="15.648"/>
  <system-out/>
  <testcase classname="phaneeshkashyap.Tests.T001_E2E_e_Shopping_CreateOrder_And_Validate" name="createOrder" time="15.739"/>
  <system-out/>
  <testcase classname="phaneeshkashyap.Tests.T001_E2E_e_Shopping_CreateOrder_And_Validate" name="verifyOrder" time="9.534"/>
  <system-out/>
</testsuite> <!-- phaneeshkashyap.Tests.T001_E2E_e_Shopping_CreateOrder_And_Validate -->
