<?xml version="1.0" encoding="UTF-8"?>
<!-- Generated by org.testng.reporters.JUnitReportReporter -->
<testsuite hostname="LAPTOP-OFUGT8EJ" failures="0" tests="4" name="phaneeshkashyap.Tests.T003_JSONDATA_Create_Order" time="52.032" errors="0" timestamp="2023-05-28T15:35:15 IST" skipped="0">
  <testcase classname="phaneeshkashyap.Tests.T003_JSONDATA_Create_Order" name="createOrder" time="12.582"/>
  <system-out/>
  <testcase classname="phaneeshkashyap.Tests.T003_JSONDATA_Create_Order" name="createOrder" time="12.767"/>
  <system-out/>
  <testcase classname="phaneeshkashyap.Tests.T003_JSONDATA_Create_Order" name="createOrder" time="13.962"/>
  <system-out/>
  <testcase classname="phaneeshkashyap.Tests.T003_JSONDATA_Create_Order" name="createOrder" time="12.721"/>
  <system-out/>
</testsuite> <!-- phaneeshkashyap.Tests.T003_JSONDATA_Create_Order -->
