<?xml version="1.0" encoding="UTF-8"?>
<!-- Generated by org.testng.reporters.JUnitReportReporter -->
<testsuite hostname="LAPTOP-OFUGT8EJ" failures="0" tests="3" name="phaneeshkashyap.Tests.T001_E2E_e_Shopping_CreateOrder_And_Validate" time="43.712" errors="0" timestamp="2024-03-22T16:06:20 IST" skipped="0">
  <testcase classname="phaneeshkashyap.Tests.T001_E2E_e_Shopping_CreateOrder_And_Validate" name="createOrder" time="19.032"/>
  <system-out/>
  <testcase classname="phaneeshkashyap.Tests.T001_E2E_e_Shopping_CreateOrder_And_Validate" name="createOrder" time="16.673"/>
  <system-out/>
  <testcase classname="phaneeshkashyap.Tests.T001_E2E_e_Shopping_CreateOrder_And_Validate" name="verifyOrder" time="8.007"/>
  <system-out/>
</testsuite> <!-- phaneeshkashyap.Tests.T001_E2E_e_Shopping_CreateOrder_And_Validate -->
