<?xml version="1.0" encoding="UTF-8"?>
<!-- Generated by org.testng.reporters.JUnitReportReporter -->
<testsuite hostname="LAPTOP-OFUGT8EJ" failures="0" tests="1" name="cucumber.TestNGtestRunner" time="14.851" errors="0" timestamp="2024-03-22T16:28:20 IST" skipped="0">
  <testcase classname="cucumber.TestNGtestRunner" name="runScenario" time="14.851"/>
  <system-out/>
</testsuite> <!-- cucumber.TestNGtestRunner -->
