<?xml version="1.0" encoding="UTF-8"?>
<!-- Generated by org.testng.reporters.JUnitReportReporter -->
<testsuite hostname="LAPTOP-OFUGT8EJ" failures="0" tests="2" name="phaneeshkashyap.Tests.T002_Login_Error_Validation" time="27.445" errors="0" timestamp="2024-03-22T16:06:20 IST" skipped="0">
  <testcase classname="phaneeshkashyap.Tests.T002_Login_Error_Validation" name="loginErrorValidation" time="8.096"/>
  <system-out/>
  <testcase classname="phaneeshkashyap.Tests.T002_Login_Error_Validation" name="productErrorValidation" time="19.349"/>
  <system-out/>
</testsuite> <!-- phaneeshkashyap.Tests.T002_Login_Error_Validation -->
