<?xml version="1.0" encoding="UTF-8"?>
<!-- Generated by org.testng.reporters.JUnitReportReporter -->
<testsuite hostname="LAPTOP-OFUGT8EJ" failures="0" tests="4" name="phaneeshkashyap.Tests.T003_JSONDATA_Create_Order" time="69.591" errors="0" timestamp="2024-03-22T15:49:57 IST" skipped="0">
  <testcase classname="phaneeshkashyap.Tests.T003_JSONDATA_Create_Order" name="createOrder" time="17.608"/>
  <system-out/>
  <testcase classname="phaneeshkashyap.Tests.T003_JSONDATA_Create_Order" name="createOrder" time="17.680"/>
  <system-out/>
  <testcase classname="phaneeshkashyap.Tests.T003_JSONDATA_Create_Order" name="createOrder" time="16.928"/>
  <system-out/>
  <testcase classname="phaneeshkashyap.Tests.T003_JSONDATA_Create_Order" name="createOrder" time="17.375"/>
  <system-out/>
</testsuite> <!-- phaneeshkashyap.Tests.T003_JSONDATA_Create_Order -->
