<?xml version="1.0" encoding="UTF-8"?>
<!-- Generated by org.testng.reporters.JUnitReportReporter -->
<testsuite hostname="LAPTOP-OFUGT8EJ" failures="0" tests="1" name="CoreJava.PS1" time="0.012" errors="0" timestamp="2023-05-23T21:36:18 IST" skipped="0">
  <testcase classname="CoreJava.PS1" name="testrun" time="0.012"/>
  <system-out/>
</testsuite> <!-- CoreJava.PS1 -->
