<?xml version="1.0" encoding="UTF-8"?>
<!-- Generated by org.testng.reporters.JUnitReportReporter -->
<testsuite hostname="LAPTOP-OFUGT8EJ" failures="0" tests="1" name="JStream_LamdaExepression.Stream_map" time="0.014" errors="0" timestamp="2023-05-22T21:30:25 IST" skipped="0">
  <testcase classname="JStream_LamdaExepression.Stream_map" name="streammap" time="0.014"/>
  <system-out/>
</testsuite> <!-- JStream_LamdaExepression.Stream_map -->
