<?xml version="1.0" encoding="UTF-8"?>
<!-- Generated by org.testng.reporters.JUnitReportReporter -->
<testsuite hostname="LAPTOP-OFUGT8EJ" failures="0" tests="1" name="JStream_LamdaExepression.StreamCollect" time="0.009" errors="0" timestamp="2024-03-22T13:34:47 IST" skipped="0">
  <testcase classname="JStream_LamdaExepression.StreamCollect" name="streamcol" time="0.009"/>
  <system-out/>
</testsuite> <!-- JStream_LamdaExepression.StreamCollect -->
