<?xml version="1.0" encoding="UTF-8"?>
<!-- Generated by org.testng.reporters.JUnitReportReporter -->
<testsuite hostname="LAPTOP-OFUGT8EJ" failures="0" tests="1" name="JStream_LamdaExepression.Pagination" time="8.048" errors="0" timestamp="2023-05-23T00:06:22 IST" skipped="0">
  <testcase classname="JStream_LamdaExepression.Pagination" name="test2" time="8.048"/>
  <system-out/>
</testsuite> <!-- JStream_LamdaExepression.Pagination -->
