<?xml version="1.0" encoding="UTF-8"?>
<!-- Generated by org.testng.reporters.JUnitReportReporter -->
<testsuite hostname="LAPTOP-OFUGT8EJ" failures="0" tests="1" name="JStream_LamdaExepression.test1" time="0.013" errors="0" timestamp="2023-05-22T18:59:05 IST" skipped="0">
  <testcase classname="JStream_LamdaExepression.test1" name="streamfilter" time="0.013"/>
  <system-out/>
</testsuite> <!-- JStream_LamdaExepression.test1 -->
