<?xml version="1.0" encoding="UTF-8"?>
<!-- Generated by org.testng.reporters.JUnitReportReporter -->
<testsuite hostname="LAPTOP-OFUGT8EJ" failures="0" tests="1" name="JStream_LamdaExepression.FilterWebtables" time="7.325" errors="0" timestamp="2024-03-22T13:47:40 IST" skipped="0">
  <testcase classname="JStream_LamdaExepression.FilterWebtables" name="test2" time="7.325"/>
  <system-out/>
</testsuite> <!-- JStream_LamdaExepression.FilterWebtables -->
