<?xml version="1.0" encoding="UTF-8"?>
<!-- Generated by org.testng.reporters.JUnitReportReporter -->
<testsuite hostname="LAPTOP-OFUGT8EJ" failures="0" tests="1" name="JStream_LamdaExepression.Customfunction" time="8.105" errors="0" timestamp="2023-05-22T23:30:53 IST" skipped="0">
  <testcase classname="JStream_LamdaExepression.Customfunction" name="test2" time="8.105"/>
  <system-out/>
</testsuite> <!-- JStream_LamdaExepression.Customfunction -->
