<?xml version="1.0" encoding="UTF-8"?>
<!-- Generated by org.testng.reporters.JUnitReportReporter -->
<testsuite hostname="LAPTOP-OFUGT8EJ" failures="0" tests="1" name="JStream_LamdaExepression.Stream_map" time="0.016" errors="0" timestamp="2024-03-22T13:35:31 IST" skipped="0">
  <testcase classname="JStream_LamdaExepression.Stream_map" name="streammap" time="0.016"/>
  <system-out/>
</testsuite> <!-- JStream_LamdaExepression.Stream_map -->
