<?xml version="1.0" encoding="UTF-8"?>
<!-- Generated by org.testng.reporters.JUnitReportReporter -->
<testsuite hostname="LAPTOP-OFUGT8EJ" failures="0" tests="2" name="JStream_LamdaExepression.StreamPractice" time="10.963" errors="0" timestamp="2023-05-22T23:27:46 IST" skipped="0">
  <testcase classname="JStream_LamdaExepression.StreamPractice" name="test1" time="4.047"/>
  <system-out/>
  <testcase classname="JStream_LamdaExepression.StreamPractice" name="test2" time="6.916"/>
  <system-out/>
</testsuite> <!-- JStream_LamdaExepression.StreamPractice -->
