<?xml version="1.0" encoding="UTF-8"?>
<!-- Generated by org.testng.reporters.JUnitReportReporter -->
<testsuite hostname="LAPTOP-OFUGT8EJ" failures="0" tests="1" name="JStream_LamdaExepression.Customfunction" time="7.680" errors="0" timestamp="2024-03-22T13:27:54 IST" skipped="0">
  <testcase classname="JStream_LamdaExepression.Customfunction" name="test2" time="7.680"/>
  <system-out/>
</testsuite> <!-- JStream_LamdaExepression.Customfunction -->
