<?xml version="1.0" encoding="UTF-8"?>
<!-- Generated by org.testng.reporters.JUnitReportReporter -->
<testsuite hostname="LAPTOP-OFUGT8EJ" failures="0" tests="3" name="phaneeshkashyap.ExcelDataProvider.dataProvider" time="0.007" errors="0" timestamp="2023-06-02T19:52:49 IST" skipped="0">
  <testcase classname="phaneeshkashyap.ExcelDataProvider.dataProvider" name="testCaseData" time="0.005"/>
  <system-out/>
  <testcase classname="phaneeshkashyap.ExcelDataProvider.dataProvider" name="testCaseData" time="0.001"/>
  <system-out/>
  <testcase classname="phaneeshkashyap.ExcelDataProvider.dataProvider" name="testCaseData" time="0.001"/>
  <system-out/>
</testsuite> <!-- phaneeshkashyap.ExcelDataProvider.dataProvider -->
