<?xml version="1.0" encoding="UTF-8"?>
<!-- Generated by org.testng.reporters.JUnitReportReporter -->
<testsuite hostname="LAPTOP-OFUGT8EJ" failures="0" tests="3" name="phaneeshkashyap.Tests.T001_E2E_e_Shopping_CreateOrder_And_Validate" time="39.830" errors="0" timestamp="2023-06-01T22:46:45 IST" skipped="0">
  <testcase classname="phaneeshkashyap.Tests.T001_E2E_e_Shopping_CreateOrder_And_Validate" name="createOrder" time="18.600"/>
  <system-out/>
  <testcase classname="phaneeshkashyap.Tests.T001_E2E_e_Shopping_CreateOrder_And_Validate" name="verifyOrder" time="9.372"/>
  <system-out/>
  <testcase classname="phaneeshkashyap.Tests.T001_E2E_e_Shopping_CreateOrder_And_Validate" name="createOrder" time="11.858"/>
  <system-out/>
</testsuite> <!-- phaneeshkashyap.Tests.T001_E2E_e_Shopping_CreateOrder_And_Validate -->
