<?xml version="1.0" encoding="UTF-8"?>
<!-- Generated by org.testng.reporters.JUnitReportReporter -->
<testsuite hostname="LAPTOP-OFUGT8EJ" failures="0" tests="1" name="cucumber.TestNGtestRunner" time="15.474" errors="0" timestamp="2023-06-02T09:07:23 IST" skipped="0">
  <testcase classname="cucumber.TestNGtestRunner" name="runScenario" time="15.474"/>
  <system-out/>
</testsuite> <!-- cucumber.TestNGtestRunner -->
