<?xml version="1.0" encoding="UTF-8"?>
<!-- Generated by org.testng.reporters.JUnitReportReporter -->
<testsuite hostname="LAPTOP-OFUGT8EJ" failures="0" tests="3" name="phaneeshkashyap.Tests.T002_Login_Error_Validation" time="41.063" errors="0" timestamp="2023-06-01T22:46:45 IST" skipped="1">
  <testcase classname="phaneeshkashyap.Tests.T002_Login_Error_Validation" name="productErrorValidation" time="15.385"/>
  <system-out/>
  <testcase classname="phaneeshkashyap.Tests.T002_Login_Error_Validation" name="loginErrorValidation" time="14.552">
    <skipped/>
  </testcase> <!-- loginErrorValidation -->
  <system-out/>
  <testcase classname="phaneeshkashyap.Tests.T002_Login_Error_Validation" name="loginErrorValidation" time="11.126"/>
  <system-out/>
</testsuite> <!-- phaneeshkashyap.Tests.T002_Login_Error_Validation -->
