<?xml version="1.0" encoding="UTF-8"?>
<!-- Generated by org.testng.reporters.JUnitReportReporter -->
<testsuite hostname="LAPTOP-OFUGT8EJ" failures="0" tests="2" name="phaneeshkashyap.Tests.T002_Login_Error_Validation" time="26.585" errors="0" timestamp="2024-03-22T16:14:23 IST" skipped="0">
  <testcase classname="phaneeshkashyap.Tests.T002_Login_Error_Validation" name="loginErrorValidation" time="9.161"/>
  <system-out/>
  <testcase classname="phaneeshkashyap.Tests.T002_Login_Error_Validation" name="productErrorValidation" time="17.424"/>
  <system-out/>
</testsuite> <!-- phaneeshkashyap.Tests.T002_Login_Error_Validation -->
