<?xml version="1.0" encoding="UTF-8"?>
<!-- Generated by org.testng.reporters.JUnitReportReporter -->
<testsuite hostname="LAPTOP-OFUGT8EJ" failures="0" tests="3" name="phaneeshkashyap.ExtentReport.ExtentReportDemo" time="12.400" errors="0" timestamp="2023-05-28T16:58:45 IST" skipped="0">
  <testcase classname="phaneeshkashyap.ExtentReport.ExtentReportDemo" name="initialDemo" time="3.317"/>
  <system-out/>
  <testcase classname="phaneeshkashyap.ExtentReport.ExtentReportDemo" name="initialDemo1" time="2.026"/>
  <system-out/>
  <testcase classname="phaneeshkashyap.ExtentReport.ExtentReportDemo" name="initialDemo2" time="7.057"/>
  <system-out/>
</testsuite> <!-- phaneeshkashyap.ExtentReport.ExtentReportDemo -->
