<?xml version="1.0" encoding="UTF-8"?>
<!-- Generated by org.testng.reporters.JUnitReportReporter -->
<testsuite hostname="LAPTOP-OFUGT8EJ" failures="0" tests="3" name="phaneeshkashyap.ExtentReport.ExtentReportDemo" time="15.432" errors="0" timestamp="2024-03-22T16:00:06 IST" skipped="0">
  <testcase classname="phaneeshkashyap.ExtentReport.ExtentReportDemo" name="initialDemo1" time="2.734"/>
  <system-out/>
  <testcase classname="phaneeshkashyap.ExtentReport.ExtentReportDemo" name="initialDemo2" time="7.838"/>
  <system-out/>
  <testcase classname="phaneeshkashyap.ExtentReport.ExtentReportDemo" name="initialDemo" time="4.860"/>
  <system-out/>
</testsuite> <!-- phaneeshkashyap.ExtentReport.ExtentReportDemo -->
